<?xml version="1.0" encoding="UTF-8"?>
<!-- Generated by org.testng.reporters.JUnitXMLReporter -->
<testsuite ignored="6" hostname="DESKTOP-6PM4V7G" failures="0" tests="3" name="SmokeRunning" time="23.714" errors="0" timestamp="2024-01-02T08:13:17 IST">
  <testcase classname="com.sevenmartsupermarket.tests.LoginTest" name="verifyLogin" time="1.527"/>
  <testcase classname="com.sevenmartsupermarket.tests.ManageContentTest" name="verifyAddNewNews" time="1.866"/>
  <testcase classname="com.sevenmartsupermarket.tests.ManageContentTest" name="verifyListOutDropDown" time="2.43"/>
  <testcase classname="com.sevenmartsupermarket.tests.ManageLocationTest" name="verifyClick_On_ManageLocation" time="0.0">
    <ignored/>
  </testcase> <!-- verifyClick_On_ManageLocation -->
  <testcase classname="com.sevenmartsupermarket.tests.PushNotificationTest" name="verifypushNotificationAlertMessage" time="0.0">
    <ignored/>
  </testcase> <!-- verifypushNotificationAlertMessage -->
  <testcase classname="com.sevenmartsupermarket.tests.PushNotificationTest" name="verifyExcelData" time="0.0">
    <ignored/>
  </testcase> <!-- verifyExcelData -->
  <testcase classname="com.sevenmartsupermarket.tests.LoginTest" name="runScreenShot" time="0.0">
    <ignored/>
  </testcase> <!-- runScreenShot -->
  <testcase classname="com.sevenmartsupermarket.tests.LoginTest" name="verify_invalidLogin_ErrorMsg" time="0.0">
    <ignored/>
  </testcase> <!-- verify_invalidLogin_ErrorMsg -->
  <testcase classname="com.sevenmartsupermarket.tests.ManageLocationTest" name="verifyCreate_NewLocation" time="0.0">
    <ignored/>
  </testcase> <!-- verifyCreate_NewLocation -->
</testsuite> <!-- SmokeRunning -->
