<?xml version="1.0" encoding="UTF-8"?>
<testng-results ignored="3" total="6" passed="3" failed="0" skipped="0">
  <reporter-output>
  </reporter-output>
  <suite started-at="2024-01-05T14:09:38 IST" name="Default suite" finished-at="2024-01-05T14:09:58 IST" duration-ms="20096">
    <groups>
    </groups>
    <test started-at="2024-01-05T14:09:38 IST" name="Default test" finished-at="2024-01-05T14:09:58 IST" duration-ms="20096">
      <class name="com.sevenmartsupermarket.tests.LoginTest">
        <test-method is-config="true" signature="launch_Browser()[pri:0, instance:com.sevenmartsupermarket.tests.LoginTest@61322f9d]" started-at="2024-01-05T14:09:39 IST" name="launch_Browser" finished-at="2024-01-05T14:09:46 IST" duration-ms="7593" status="PASS">
          <reporter-output>
          </reporter-output>
        </test-method> <!-- launch_Browser -->
        <test-method signature="verifyMultipleLogin(java.lang.String,java.lang.String,java.lang.String)[pri:0, instance:com.sevenmartsupermarket.tests.LoginTest@61322f9d]" started-at="2024-01-05T14:09:46 IST" name="verifyMultipleLogin" data-provider="LoginData2" finished-at="2024-01-05T14:09:48 IST" duration-ms="1862" status="PASS">
          <params>
            <param index="0">
              <value>
                <![CDATA[hema]]>
              </value>
            </param>
            <param index="1">
              <value>
                <![CDATA[hema]]>
              </value>
            </param>
            <param index="2">
              <value>
                <![CDATA[Hema]]>
              </value>
            </param>
          </params>
          <reporter-output>
          </reporter-output>
        </test-method> <!-- verifyMultipleLogin -->
        <test-method is-config="true" signature="terminatesession(org.testng.ITestResult)[pri:0, instance:com.sevenmartsupermarket.tests.LoginTest@61322f9d]" started-at="2024-01-05T14:09:48 IST" name="terminatesession" finished-at="2024-01-05T14:09:48 IST" duration-ms="13" status="PASS">
          <params>
            <param index="0">
              <value>
                <![CDATA[[TestResult name=verifyMultipleLogin status=SUCCESS method=LoginTest.verifyMultipleLogin(java.lang.String,java.lang.String,java.lang.String)[pri:0, instance:com.sevenmartsupermarket.tests.LoginTest@61322f9d] output={null}]]]>
              </value>
            </param>
          </params>
          <reporter-output>
          </reporter-output>
        </test-method> <!-- terminatesession -->
        <test-method is-config="true" signature="launch_Browser()[pri:0, instance:com.sevenmartsupermarket.tests.LoginTest@61322f9d]" started-at="2024-01-05T14:09:48 IST" name="launch_Browser" finished-at="2024-01-05T14:09:51 IST" duration-ms="3280" status="PASS">
          <reporter-output>
          </reporter-output>
        </test-method> <!-- launch_Browser -->
        <test-method signature="verifyMultipleLogin(java.lang.String,java.lang.String,java.lang.String)[pri:0, instance:com.sevenmartsupermarket.tests.LoginTest@61322f9d]" started-at="2024-01-05T14:09:51 IST" name="verifyMultipleLogin" data-provider="LoginData2" finished-at="2024-01-05T14:09:52 IST" duration-ms="689" status="PASS">
          <params>
            <param index="0">
              <value>
                <![CDATA[suresh]]>
              </value>
            </param>
            <param index="1">
              <value>
                <![CDATA[suresh]]>
              </value>
            </param>
            <param index="2">
              <value>
                <![CDATA[Suresh]]>
              </value>
            </param>
          </params>
          <reporter-output>
          </reporter-output>
        </test-method> <!-- verifyMultipleLogin -->
        <test-method is-config="true" signature="terminatesession(org.testng.ITestResult)[pri:0, instance:com.sevenmartsupermarket.tests.LoginTest@61322f9d]" started-at="2024-01-05T14:09:52 IST" name="terminatesession" finished-at="2024-01-05T14:09:52 IST" duration-ms="1" status="PASS">
          <params>
            <param index="0">
              <value>
                <![CDATA[[TestResult name=verifyMultipleLogin status=SUCCESS method=LoginTest.verifyMultipleLogin(java.lang.String,java.lang.String,java.lang.String)[pri:0, instance:com.sevenmartsupermarket.tests.LoginTest@61322f9d] output={null}]]]>
              </value>
            </param>
          </params>
          <reporter-output>
          </reporter-output>
        </test-method> <!-- terminatesession -->
        <test-method is-config="true" signature="launch_Browser()[pri:0, instance:com.sevenmartsupermarket.tests.LoginTest@61322f9d]" started-at="2024-01-05T14:09:52 IST" name="launch_Browser" finished-at="2024-01-05T14:09:57 IST" duration-ms="5171" status="PASS">
          <reporter-output>
          </reporter-output>
        </test-method> <!-- launch_Browser -->
        <test-method signature="verifyMultipleLogin(java.lang.String,java.lang.String,java.lang.String)[pri:0, instance:com.sevenmartsupermarket.tests.LoginTest@61322f9d]" started-at="2024-01-05T14:09:57 IST" name="verifyMultipleLogin" data-provider="LoginData2" finished-at="2024-01-05T14:09:58 IST" duration-ms="665" status="PASS">
          <params>
            <param index="0">
              <value>
                <![CDATA[gopi]]>
              </value>
            </param>
            <param index="1">
              <value>
                <![CDATA[gopi]]>
              </value>
            </param>
            <param index="2">
              <value>
                <![CDATA[Gopi]]>
              </value>
            </param>
          </params>
          <reporter-output>
          </reporter-output>
        </test-method> <!-- verifyMultipleLogin -->
        <test-method is-config="true" signature="terminatesession(org.testng.ITestResult)[pri:0, instance:com.sevenmartsupermarket.tests.LoginTest@61322f9d]" started-at="2024-01-05T14:09:58 IST" name="terminatesession" finished-at="2024-01-05T14:09:58 IST" duration-ms="0" status="PASS">
          <params>
            <param index="0">
              <value>
                <![CDATA[[TestResult name=verifyMultipleLogin status=SUCCESS method=LoginTest.verifyMultipleLogin(java.lang.String,java.lang.String,java.lang.String)[pri:0, instance:com.sevenmartsupermarket.tests.LoginTest@61322f9d] output={null}]]]>
              </value>
            </param>
          </params>
          <reporter-output>
          </reporter-output>
        </test-method> <!-- terminatesession -->
      </class> <!-- com.sevenmartsupermarket.tests.LoginTest -->
    </test> <!-- Default test -->
  </suite> <!-- Default suite -->
</testng-results>
