<?xml version="1.0" encoding="UTF-8"?>
<testng-results ignored="1" total="2" passed="1" failed="0" skipped="0">
  <reporter-output>
  </reporter-output>
  <suite started-at="2023-12-31T12:15:13 IST" name="Default suite" finished-at="2023-12-31T12:15:30 IST" duration-ms="17466">
    <groups>
    </groups>
    <test started-at="2023-12-31T12:15:13 IST" name="Default test" finished-at="2023-12-31T12:15:30 IST" duration-ms="17466">
      <class name="com.sevenmartsupermarket.tests.ManageOfferCodeTest">
        <test-method is-config="true" signature="launch_Browser()[pri:0, instance:com.sevenmartsupermarket.tests.ManageOfferCodeTest@2aceadd4]" started-at="2023-12-31T12:15:13 IST" name="launch_Browser" finished-at="2023-12-31T12:15:23 IST" duration-ms="10077" status="PASS">
          <reporter-output>
          </reporter-output>
        </test-method> <!-- launch_Browser -->
        <test-method signature="verifyAdd_NewOfferCode(java.lang.String,java.lang.String,java.lang.String,java.lang.String)[pri:0, instance:com.sevenmartsupermarket.tests.ManageOfferCodeTest@2aceadd4]" started-at="2023-12-31T12:15:23 IST" name="verifyAdd_NewOfferCode" data-provider="manageOfferCodeprovider" finished-at="2023-12-31T12:15:30 IST" duration-ms="7325" status="PASS">
          <params>
            <param index="0">
              <value>
                <![CDATA[discout offer]]>
              </value>
            </param>
            <param index="1">
              <value>
                <![CDATA[15%]]>
              </value>
            </param>
            <param index="2">
              <value>
                <![CDATA[56]]>
              </value>
            </param>
            <param index="3">
              <value>
                <![CDATA[Xmass offer]]>
              </value>
            </param>
          </params>
          <reporter-output>
          </reporter-output>
        </test-method> <!-- verifyAdd_NewOfferCode -->
        <test-method is-config="true" signature="terminatesession(org.testng.ITestResult)[pri:0, instance:com.sevenmartsupermarket.tests.ManageOfferCodeTest@2aceadd4]" started-at="2023-12-31T12:15:30 IST" name="terminatesession" finished-at="2023-12-31T12:15:30 IST" duration-ms="3" status="PASS">
          <params>
            <param index="0">
              <value>
                <![CDATA[[TestResult name=verifyAdd_NewOfferCode status=SUCCESS method=ManageOfferCodeTest.verifyAdd_NewOfferCode(java.lang.String,java.lang.String,java.lang.String,java.lang.String)[pri:0, instance:com.sevenmartsupermarket.tests.ManageOfferCodeTest@2aceadd4] output={null}]]]>
              </value>
            </param>
          </params>
          <reporter-output>
          </reporter-output>
        </test-method> <!-- terminatesession -->
      </class> <!-- com.sevenmartsupermarket.tests.ManageOfferCodeTest -->
    </test> <!-- Default test -->
  </suite> <!-- Default suite -->
</testng-results>
