<?xml version="1.0" encoding="UTF-8"?>
<!-- Generated by org.testng.reporters.JUnitXMLReporter -->
<testsuite ignored="0" hostname="DESKTOP-6PM4V7G" failures="0" tests="3" name="Chrome" time="18.848" errors="0" timestamp="2024-01-02T07:22:49 IST">
  <testcase classname="com.sevenmartsupermarket.tests.LoginTest" name="runScreenShot" time="0.006"/>
  <testcase classname="com.sevenmartsupermarket.tests.LoginTest" name="verifyLogin" time="2.374"/>
  <testcase classname="com.sevenmartsupermarket.tests.LoginTest" name="verify_invalidLogin_ErrorMsg" time="0.665"/>
</testsuite> <!-- Chrome -->
