<?xml version="1.0" encoding="UTF-8"?>
<!-- Generated by org.testng.reporters.JUnitXMLReporter -->
<testsuite ignored="0" hostname="DESKTOP-6PM4V7G" failures="0" tests="3" name="Edge" time="14.067" errors="0" timestamp="2024-01-02T07:23:03 IST">
  <testcase classname="com.sevenmartsupermarket.tests.LoginTest" name="runScreenShot" time="0.002"/>
  <testcase classname="com.sevenmartsupermarket.tests.LoginTest" name="verifyLogin" time="1.002"/>
  <testcase classname="com.sevenmartsupermarket.tests.LoginTest" name="verify_invalidLogin_ErrorMsg" time="0.52"/>
</testsuite> <!-- Edge -->
