<?xml version="1.0" encoding="UTF-8"?>
<!-- Generated by org.testng.reporters.JUnitXMLReporter -->
<testsuite ignored="0" hostname="DESKTOP-6PM4V7G" failures="0" tests="6" name="Running in Chrome" time="37.375" errors="0" timestamp="2024-01-08T19:09:31 IST">
  <testcase classname="com.sevenmartsupermarket.tests.LoginTest" name="runScreenShot" time="0.002"/>
  <testcase classname="com.sevenmartsupermarket.tests.LoginTest" name="verifyLogin" time="1.527"/>
  <testcase classname="com.sevenmartsupermarket.tests.LoginTest" name="verifyMultipleLogin" time="3.214"/>
  <testcase classname="com.sevenmartsupermarket.tests.LoginTest" name="verifyMultipleLogin" time="0.913"/>
  <testcase classname="com.sevenmartsupermarket.tests.LoginTest" name="verifyMultipleLogin" time="0.989"/>
  <testcase classname="com.sevenmartsupermarket.tests.LoginTest" name="verify_invalidLogin_ErrorMsg" time="0.484"/>
</testsuite> <!-- Running in Chrome -->
