<?xml version="1.0" encoding="UTF-8"?>
<!-- Generated by org.testng.reporters.JUnitXMLReporter -->
<testsuite ignored="0" hostname="DESKTOP-6PM4V7G" failures="0" tests="3" name="Running in Chrome" time="25.39" errors="0" timestamp="2024-01-02T07:48:48 IST">
  <testcase classname="com.sevenmartsupermarket.tests.LoginTest" name="runScreenShot" time="0.009"/>
  <testcase classname="com.sevenmartsupermarket.tests.LoginTest" name="verifyLogin" time="3.644"/>
  <testcase classname="com.sevenmartsupermarket.tests.LoginTest" name="verify_invalidLogin_ErrorMsg" time="2.955"/>
</testsuite> <!-- Running in Chrome -->
