<?xml version="1.0" encoding="UTF-8"?>
<!-- Generated by org.testng.reporters.JUnitXMLReporter -->
<testsuite ignored="0" hostname="DESKTOP-6PM4V7G" failures="0" tests="3" name="Running in FireFox" time="9.942" errors="0" timestamp="2024-01-02T07:48:32 IST">
  <testcase classname="com.sevenmartsupermarket.tests.LoginTest" name="runScreenShot" time="0.0">
    <skipped/>
  </testcase> <!-- runScreenShot -->
  <testcase classname="com.sevenmartsupermarket.tests.LoginTest" name="verifyLogin" time="0.0">
    <skipped/>
  </testcase> <!-- verifyLogin -->
  <testcase classname="com.sevenmartsupermarket.tests.LoginTest" name="verify_invalidLogin_ErrorMsg" time="0.0">
    <skipped/>
  </testcase> <!-- verify_invalidLogin_ErrorMsg -->
</testsuite> <!-- Running in FireFox -->
