<?xml version="1.0" encoding="UTF-8"?>
<!-- Generated by org.testng.reporters.JUnitXMLReporter -->
<testsuite ignored="0" hostname="DESKTOP-6PM4V7G" failures="0" tests="6" name="Running in FireFox" time="19.935" errors="0" timestamp="2024-01-08T19:09:13 IST">
  <testcase classname="com.sevenmartsupermarket.tests.LoginTest" name="runScreenShot" time="0.0">
    <skipped/>
  </testcase> <!-- runScreenShot -->
  <testcase classname="com.sevenmartsupermarket.tests.LoginTest" name="verifyLogin" time="0.0">
    <skipped/>
  </testcase> <!-- verifyLogin -->
  <testcase classname="com.sevenmartsupermarket.tests.LoginTest" name="verifyMultipleLogin" time="0.001">
    <skipped/>
  </testcase> <!-- verifyMultipleLogin -->
  <testcase classname="com.sevenmartsupermarket.tests.LoginTest" name="verifyMultipleLogin" time="0.0">
    <skipped/>
  </testcase> <!-- verifyMultipleLogin -->
  <testcase classname="com.sevenmartsupermarket.tests.LoginTest" name="verifyMultipleLogin" time="0.0">
    <skipped/>
  </testcase> <!-- verifyMultipleLogin -->
  <testcase classname="com.sevenmartsupermarket.tests.LoginTest" name="verify_invalidLogin_ErrorMsg" time="0.0">
    <skipped/>
  </testcase> <!-- verify_invalidLogin_ErrorMsg -->
</testsuite> <!-- Running in FireFox -->
