<?xml version="1.0" encoding="UTF-8"?>
<!-- Generated by org.testng.reporters.JUnitXMLReporter -->
<testsuite ignored="3" hostname="DESKTOP-6PM4V7G" failures="0" tests="1" name="login" time="9.698" errors="0" timestamp="2024-01-09T18:22:39 IST">
  <testcase classname="com.sevenmartsupermarket.tests.LoginTest" name="verifyLogin" time="1.212"/>
  <testcase classname="com.sevenmartsupermarket.tests.LoginTest" name="verify_invalidLogin_ErrorMsg" time="0.0">
    <ignored/>
  </testcase> <!-- verify_invalidLogin_ErrorMsg -->
  <testcase classname="com.sevenmartsupermarket.tests.LoginTest" name="verifyMultipleLogin" time="0.0">
    <ignored/>
  </testcase> <!-- verifyMultipleLogin -->
  <testcase classname="com.sevenmartsupermarket.tests.LoginTest" name="runScreenShot" time="0.0">
    <ignored/>
  </testcase> <!-- runScreenShot -->
</testsuite> <!-- login -->
