<?xml version="1.0" encoding="UTF-8"?>
<!-- Generated by org.testng.reporters.JUnitXMLReporter -->
<testsuite ignored="0" hostname="DESKTOP-6PM4V7G" failures="0" tests="3" name="SmokeRun" time="23.494" errors="0" timestamp="2023-12-29T08:25:57 IST">
  <testcase classname="com.sevenmartsupermarket.tests.LoginTest" name="runScreenShot" time="0.013"/>
  <testcase classname="com.sevenmartsupermarket.tests.LoginTest" name="verifyLogin" time="0.851"/>
  <testcase classname="com.sevenmartsupermarket.tests.LoginTest" name="verify_invalidLogin_ErrorMsg" time="3.107"/>
</testsuite> <!-- SmokeRun -->
