<?xml version="1.0" encoding="UTF-8"?>
<!-- Generated by org.testng.reporters.JUnitXMLReporter -->
<testsuite ignored="0" hostname="DESKTOP-6PM4V7G" failures="0" tests="4" name="Smokettest2" time="60.859" errors="0" timestamp="2024-01-01T08:04:44 IST">
  <testcase classname="com.sevenmartsupermarket.tests.ManageContentTest" name="verifyAddNewNews" time="4.993"/>
  <testcase classname="com.sevenmartsupermarket.tests.ManageContentTest" name="verifyListOutDropDown" time="2.732"/>
  <testcase classname="com.sevenmartsupermarket.tests.ManageLocationTest" name="verifyClick_On_ManageLocation" time="2.951"/>
  <testcase classname="com.sevenmartsupermarket.tests.ManageLocationTest" name="verifyCreate_NewLocation" time="6.241"/>
</testsuite> <!-- Smokettest2 -->
