<?xml version="1.0" encoding="UTF-8"?>
<!-- Generated by org.testng.reporters.JUnitXMLReporter -->
<testsuite ignored="0" hostname="DESKTOP-6PM4V7G" failures="1" tests="4" name="Smokettest2" time="26.947" errors="0" timestamp="2024-01-16T13:31:39 IST">
  <testcase classname="com.sevenmartsupermarket.tests.ManageContentTest" name="verifyAddNewNews" time="4.304"/>
  <testcase classname="com.sevenmartsupermarket.tests.ManageContentTest" name="verifyListOutDropDown" time="1.518">
    <failure type="java.lang.AssertionError" message="expected [[Manage Pages, Manage Footer Text, Manage Contact, Manage News]] but found [[Manage Pages, Manage Footer Text, Manage Contact, Manage News]]">
      <![CDATA[java.lang.AssertionError: expected [[Manage Pages, Manage Footer Text, Manage Contact, Manage News]] but found [[Manage Pages, Manage Footer Text, Manage Contact, Manage News]]
at com.sevenmartsupermarket.tests.ManageContentTest.verifyListOutDropDown(ManageContentTest.java:25)
at java.base/java.util.ArrayList.forEach(ArrayList.java:1511)
at java.base/java.util.concurrent.FutureTask.run(FutureTask.java:264)
at java.base/java.util.concurrent.ThreadPoolExecutor.runWorker(ThreadPoolExecutor.java:1136)
at java.base/java.util.concurrent.ThreadPoolExecutor$Worker.run(ThreadPoolExecutor.java:635)
at java.base/java.lang.Thread.run(Thread.java:833)
... Removed 22 stack frames]]>
    </failure>
  </testcase> <!-- verifyListOutDropDown -->
  <testcase classname="com.sevenmartsupermarket.tests.ManageLocationTest" name="verifyClick_On_ManageLocation" time="1.335"/>
  <testcase classname="com.sevenmartsupermarket.tests.ManageLocationTest" name="verifyCreate_NewLocation" time="2.424"/>
</testsuite> <!-- Smokettest2 -->
