<?xml version="1.0" encoding="UTF-8"?>
<!-- Generated by org.testng.reporters.JUnitXMLReporter -->
<testsuite ignored="3" hostname="DESKTOP-6PM4V7G" failures="0" tests="3" name="Default test" time="20.096" errors="0" timestamp="2024-01-05T14:09:58 IST">
  <testcase classname="com.sevenmartsupermarket.tests.LoginTest" name="verifyMultipleLogin" time="1.862"/>
  <testcase classname="com.sevenmartsupermarket.tests.LoginTest" name="verifyMultipleLogin" time="0.689"/>
  <testcase classname="com.sevenmartsupermarket.tests.LoginTest" name="verifyMultipleLogin" time="0.665"/>
  <testcase classname="com.sevenmartsupermarket.tests.LoginTest" name="verifyLogin" time="0.0">
    <ignored/>
  </testcase> <!-- verifyLogin -->
  <testcase classname="com.sevenmartsupermarket.tests.LoginTest" name="runScreenShot" time="0.0">
    <ignored/>
  </testcase> <!-- runScreenShot -->
  <testcase classname="com.sevenmartsupermarket.tests.LoginTest" name="verify_invalidLogin_ErrorMsg" time="0.0">
    <ignored/>
  </testcase> <!-- verify_invalidLogin_ErrorMsg -->
</testsuite> <!-- Default test -->
