<?xml version="1.0" encoding="UTF-8"?>
<!-- Generated by org.testng.reporters.JUnitXMLReporter -->
<testsuite ignored="1" hostname="DESKTOP-6PM4V7G" failures="0" tests="1" name="Default test" time="17.466" errors="0" timestamp="2023-12-31T12:15:30 IST">
  <testcase classname="com.sevenmartsupermarket.tests.ManageOfferCodeTest" name="verifyAdd_NewOfferCode" time="7.325"/>
  <testcase classname="com.sevenmartsupermarket.tests.ManageOfferCodeTest" name="verify_clickOnManageOfferCode" time="0.0">
    <ignored/>
  </testcase> <!-- verify_clickOnManageOfferCode -->
</testsuite> <!-- Default test -->
